<?xml version="1.0" encoding="UTF-8"?>
<testng-results skipped="0" failed="0" ignored="0" total="4" passed="4">
  <reporter-output>
  </reporter-output>
  <suite name="Default suite" duration-ms="8074" started-at="2022-04-09T08:32:50Z" finished-at="2022-04-09T08:32:58Z">
    <groups>
    </groups>
    <test name="Default test" duration-ms="8074" started-at="2022-04-09T08:32:50Z" finished-at="2022-04-09T08:32:58Z">
      <class name="task5.JiraIntegration">
        <test-method status="PASS" signature="getUser()[pri:1, instance:task5.JiraIntegration@3701eaf6]" name="getUser" duration-ms="3393" started-at="2022-04-09T08:32:50Z" finished-at="2022-04-09T08:32:54Z">
          <reporter-output>
          </reporter-output>
        </test-method> <!-- getUser -->
        <test-method status="PASS" signature="postPet()[pri:2, instance:task5.JiraIntegration@3701eaf6]" name="postPet" duration-ms="1459" started-at="2022-04-09T08:32:54Z" finished-at="2022-04-09T08:32:55Z">
          <reporter-output>
          </reporter-output>
        </test-method> <!-- postPet -->
        <test-method status="PASS" signature="putPet()[pri:3, instance:task5.JiraIntegration@3701eaf6]" name="putPet" duration-ms="1616" started-at="2022-04-09T08:32:55Z" finished-at="2022-04-09T08:32:57Z">
          <reporter-output>
          </reporter-output>
        </test-method> <!-- putPet -->
        <test-method status="PASS" signature="deletePet()[pri:4, instance:task5.JiraIntegration@3701eaf6]" name="deletePet" duration-ms="1538" started-at="2022-04-09T08:32:57Z" finished-at="2022-04-09T08:32:58Z">
          <reporter-output>
          </reporter-output>
        </test-method> <!-- deletePet -->
      </class> <!-- task5.JiraIntegration -->
    </test> <!-- Default test -->
  </suite> <!-- Default suite -->
</testng-results>
